2020-02-24 15:19:12,596 - root - INFO - ---------------New Training Start------------------
2020-02-24 15:20:35,481 - root - INFO - ---------------New Training Start------------------
2020-02-24 15:35:01,985 - root - INFO - ---------------New Training Start------------------
2020-02-24 16:25:06,019 - root - INFO - q = 65162.5
2020-02-24 16:25:06,025 - root - INFO - t_minus_mean = 56162.0
2020-02-24 16:25:06,025 - root - INFO - x_minus_xcmc = 51616.5
2020-02-24 16:25:06,025 - root - INFO - x = 50771.5
2020-02-24 16:25:06,025 - root - INFO - dis = 37183.5
2020-02-24 16:25:06,025 - root - INFO - y_minus_ycmc = 32083.0
2020-02-24 16:25:06,025 - root - INFO - dis_3dim = 27712.5
2020-02-24 16:25:06,025 - root - INFO - move_t = 26967.5
2020-02-24 16:25:06,026 - root - INFO - q_divide_energymc = 22905.0
2020-02-24 16:25:06,026 - root - INFO - t = 21553.0
2020-02-24 16:25:06,026 - root - INFO - y = 20401.5
2020-02-24 16:25:06,026 - root - INFO - q_minus_mean = 19788.0
2020-02-24 16:25:06,026 - root - INFO - terror = 14400.5
2020-02-24 16:25:06,026 - root - INFO - xcmc = 13534.0
2020-02-24 16:25:06,026 - root - INFO - t_minus_terror = 12951.5
2020-02-24 16:25:06,026 - root - INFO - t_std = 12187.5
2020-02-24 16:25:06,026 - root - INFO - x_std = 11313.0
2020-02-24 16:25:06,026 - root - INFO - t_skew = 11114.0
2020-02-24 16:25:06,026 - root - INFO - q_min = 10556.5
2020-02-24 16:25:06,026 - root - INFO - thetamc = 10404.5
2020-02-24 16:25:06,026 - root - INFO - q_quantile = 10073.5
2020-02-24 16:25:06,026 - root - INFO - q_skew = 9956.0
2020-02-24 16:25:06,026 - root - INFO - x_mean = 9661.0
2020-02-24 16:25:06,026 - root - INFO - y_std = 9652.0
2020-02-24 16:25:06,026 - root - INFO - x_skew = 9054.5
2020-02-24 16:25:06,027 - root - INFO - energymc = 8971.5
2020-02-24 16:25:06,027 - root - INFO - sin_thetamc = 8587.5
2020-02-24 16:25:06,027 - root - INFO - q_mean = 8209.0
2020-02-24 16:25:06,027 - root - INFO - t_plus_terror = 8006.0
2020-02-24 16:25:06,027 - root - INFO - ycmc = 7705.5
2020-02-24 16:25:06,027 - root - INFO - cos_thetamc = 7575.5
2020-02-24 16:25:06,027 - root - INFO - cos_phimc = 7254.0
2020-02-24 16:25:06,027 - root - INFO - sin_phimc = 6653.0
2020-02-24 16:25:06,027 - root - INFO - y_mean = 6194.0
2020-02-24 16:25:06,027 - root - INFO - y_skew = 5947.5
2020-02-24 16:25:06,027 - root - INFO - surface_fitting = 5175.5
2020-02-24 16:25:06,027 - root - INFO - phimc = 2194.0
2020-02-24 16:25:30,717 - root - INFO - Best score: 0.9733954109754799
2020-02-24 16:31:13,258 - root - INFO - ---------------New Training Start------------------
2020-02-24 17:18:46,229 - root - INFO - q = 64031.5
2020-02-24 17:18:46,232 - root - INFO - t_minus_mean = 53898.0
2020-02-24 17:18:46,232 - root - INFO - x_minus_xcmc = 49981.0
2020-02-24 17:18:46,232 - root - INFO - x = 49154.0
2020-02-24 17:18:46,233 - root - INFO - dis = 34935.5
2020-02-24 17:18:46,233 - root - INFO - y_minus_ycmc = 30444.0
2020-02-24 17:18:46,233 - root - INFO - dis_3dim = 26106.5
2020-02-24 17:18:46,233 - root - INFO - surface_fitting = 25700.5
2020-02-24 17:18:46,233 - root - INFO - q_divide_energymc = 21990.5
2020-02-24 17:18:46,233 - root - INFO - t = 20599.0
2020-02-24 17:18:46,233 - root - INFO - q_minus_mean = 18879.0
2020-02-24 17:18:46,233 - root - INFO - y = 18805.5
2020-02-24 17:18:46,233 - root - INFO - terror = 14068.0
2020-02-24 17:18:46,233 - root - INFO - thetamc = 13851.0
2020-02-24 17:18:46,233 - root - INFO - xcmc = 13761.0
2020-02-24 17:18:46,233 - root - INFO - t_minus_terror = 12454.0
2020-02-24 17:18:46,233 - root - INFO - t_std = 12307.5
2020-02-24 17:18:46,233 - root - INFO - x_std = 11881.5
2020-02-24 17:18:46,233 - root - INFO - t_skew = 11290.0
2020-02-24 17:18:46,233 - root - INFO - q_min = 10957.5
2020-02-24 17:18:46,233 - root - INFO - q_quantile = 10679.5
2020-02-24 17:18:46,234 - root - INFO - q_skew = 10486.0
2020-02-24 17:18:46,234 - root - INFO - y_std = 10198.0
2020-02-24 17:18:46,234 - root - INFO - x_mean = 9880.0
2020-02-24 17:18:46,234 - root - INFO - energymc = 9675.0
2020-02-24 17:18:46,234 - root - INFO - x_skew = 9634.5
2020-02-24 17:18:46,234 - root - INFO - q_mean = 8828.0
2020-02-24 17:18:46,234 - root - INFO - t_plus_terror = 8274.0
2020-02-24 17:18:46,234 - root - INFO - ycmc = 8039.5
2020-02-24 17:18:46,234 - root - INFO - y_mean = 6622.0
2020-02-24 17:18:46,234 - root - INFO - y_skew = 6097.5
2020-02-24 17:18:46,234 - root - INFO - phimc = 2948.5
2020-02-24 17:19:01,292 - root - INFO - Best score: 0.9733402474839787
2020-02-24 19:10:54,628 - root - INFO - ---------------New Training Start------------------
2020-02-24 19:33:29,767 - root - INFO - x_minus_xcmc = 1660.5
2020-02-24 19:33:29,781 - root - INFO - thetamc = 1629.5
2020-02-24 19:33:29,781 - root - INFO - t_minus_mean = 1325.0
2020-02-24 19:33:29,781 - root - INFO - dis = 1008.5
2020-02-24 19:33:29,781 - root - INFO - x = 812.0
2020-02-24 19:33:29,781 - root - INFO - y_minus_ycmc = 777.5
2020-02-24 19:33:29,781 - root - INFO - t_std = 608.0
2020-02-24 19:33:29,781 - root - INFO - phimc = 510.0
2020-02-24 19:33:29,781 - root - INFO - dis_3dim = 479.5
2020-02-24 19:33:29,782 - root - INFO - q = 426.0
2020-02-24 19:33:29,782 - root - INFO - energymc = 425.0
2020-02-24 19:33:29,782 - root - INFO - t = 369.0
2020-02-24 19:33:29,782 - root - INFO - t_minus_terror = 283.0
2020-02-24 19:33:29,782 - root - INFO - q_divide_energymc = 282.5
2020-02-24 19:33:29,782 - root - INFO - q_quantile = 243.0
2020-02-24 19:33:29,782 - root - INFO - terror = 221.5
2020-02-24 19:33:29,782 - root - INFO - t_plus_terror = 161.0
2020-02-24 19:33:29,782 - root - INFO - q_minus_mean = 124.0
2020-02-24 19:33:29,782 - root - INFO - xcmc = 76.5
2020-02-24 19:33:29,782 - root - INFO - y = 51.5
2020-02-24 19:33:29,782 - root - INFO - x_mean = 50.5
2020-02-24 19:33:29,782 - root - INFO - q_mean = 49.0
2020-02-24 19:33:29,782 - root - INFO - x_skew = 46.5
2020-02-24 19:33:29,783 - root - INFO - x_std = 30.0
2020-02-24 19:33:29,783 - root - INFO - y_std = 21.0
2020-02-24 19:33:29,783 - root - INFO - y_skew = 6.5
2020-02-24 19:33:29,783 - root - INFO - ycmc = 4.5
2020-02-24 19:33:29,783 - root - INFO - y_mean = 2.0
2020-02-24 19:33:29,783 - root - INFO - surface_fitting = 0.5
2020-02-24 19:33:29,783 - root - INFO - t_skew = 0.0
2020-02-24 19:33:29,783 - root - INFO - q_min = 0.0
2020-02-24 19:33:29,783 - root - INFO - q_skew = 0.0
2020-02-24 19:33:46,040 - root - INFO - Best score: 0.9795090941128999
2020-02-24 19:49:26,624 - root - INFO - ---------------New Training Start------------------
2020-02-25 12:41:55,342 - root - INFO - ---------------New Training Start------------------
2020-02-25 13:04:57,276 - root - INFO - x_minus_xcmc = 1660.5
2020-02-25 13:04:57,290 - root - INFO - thetamc = 1629.5
2020-02-25 13:04:57,290 - root - INFO - t_minus_mean = 1325.0
2020-02-25 13:04:57,290 - root - INFO - dis = 1008.5
2020-02-25 13:04:57,290 - root - INFO - x = 812.0
2020-02-25 13:04:57,290 - root - INFO - y_minus_ycmc = 777.5
2020-02-25 13:04:57,290 - root - INFO - t_std = 608.0
2020-02-25 13:04:57,290 - root - INFO - phimc = 510.0
2020-02-25 13:04:57,290 - root - INFO - dis_3dim = 479.5
2020-02-25 13:04:57,290 - root - INFO - q = 426.0
2020-02-25 13:04:57,290 - root - INFO - energymc = 425.0
2020-02-25 13:04:57,290 - root - INFO - t = 369.0
2020-02-25 13:04:57,291 - root - INFO - t_minus_terror = 283.0
2020-02-25 13:04:57,291 - root - INFO - q_divide_energymc = 282.5
2020-02-25 13:04:57,291 - root - INFO - q_quantile = 243.0
2020-02-25 13:04:57,291 - root - INFO - terror = 221.5
2020-02-25 13:04:57,291 - root - INFO - t_plus_terror = 161.0
2020-02-25 13:04:57,291 - root - INFO - q_minus_mean = 124.0
2020-02-25 13:04:57,291 - root - INFO - xcmc = 76.5
2020-02-25 13:04:57,291 - root - INFO - y = 51.5
2020-02-25 13:04:57,291 - root - INFO - x_mean = 50.5
2020-02-25 13:04:57,291 - root - INFO - q_mean = 49.0
2020-02-25 13:04:57,291 - root - INFO - x_skew = 46.5
2020-02-25 13:04:57,291 - root - INFO - x_std = 30.0
2020-02-25 13:04:57,291 - root - INFO - y_std = 21.0
2020-02-25 13:04:57,291 - root - INFO - y_skew = 6.5
2020-02-25 13:04:57,292 - root - INFO - ycmc = 4.5
2020-02-25 13:04:57,292 - root - INFO - y_mean = 2.0
2020-02-25 13:04:57,292 - root - INFO - surface_fitting = 0.5
2020-02-25 13:04:57,292 - root - INFO - t_skew = 0.0
2020-02-25 13:04:57,292 - root - INFO - q_min = 0.0
2020-02-25 13:04:57,292 - root - INFO - q_skew = 0.0
2020-02-25 13:05:12,370 - root - INFO - Best score: 0.9795090941128999
2020-02-25 14:27:29,486 - root - INFO - ---------------New Training Start------------------
2020-02-25 14:38:20,116 - root - INFO - ---------------New Training Start------------------
2020-02-25 14:57:52,251 - root - INFO - ---------------New Training Start------------------
2020-02-25 15:21:51,169 - root - INFO - x_minus_xcmc = 1877.5
2020-02-25 15:21:51,172 - root - INFO - thetamc = 1507.0
2020-02-25 15:21:51,172 - root - INFO - t_minus_mean = 1500.5
2020-02-25 15:21:51,172 - root - INFO - dis = 1030.5
2020-02-25 15:21:51,172 - root - INFO - energymc = 949.5
2020-02-25 15:21:51,172 - root - INFO - phimc = 939.0
2020-02-25 15:21:51,172 - root - INFO - y_minus_ycmc = 771.0
2020-02-25 15:21:51,172 - root - INFO - x = 706.5
2020-02-25 15:21:51,172 - root - INFO - dis_3dim = 555.0
2020-02-25 15:21:51,173 - root - INFO - t = 545.0
2020-02-25 15:21:51,173 - root - INFO - q_minus_mean = 509.5
2020-02-25 15:21:51,173 - root - INFO - q = 350.0
2020-02-25 15:21:51,173 - root - INFO - terror = 346.0
2020-02-25 15:21:51,173 - root - INFO - t_minus_terror = 202.0
2020-02-25 15:21:51,173 - root - INFO - t_plus_terror = 178.0
2020-02-25 15:21:51,173 - root - INFO - xcmc = 132.5
2020-02-25 15:21:51,173 - root - INFO - y = 81.0
2020-02-25 15:21:51,173 - root - INFO - ycmc = 10.5
2020-02-25 15:21:51,173 - root - INFO - surface_fitting = 1.0
2020-02-25 15:22:11,178 - root - INFO - Best score: 0.9791191940397672
2020-02-25 15:24:28,970 - root - INFO - ---------------New Training Start------------------
2020-02-25 15:48:34,971 - root - INFO - ---------------New Training Start------------------
2020-02-26 06:28:41,063 - root - INFO - t_minus_mean = 214970.5
2020-02-26 06:28:41,075 - root - INFO - q = 214598.0
2020-02-26 06:28:41,075 - root - INFO - x_minus_xcmc = 205104.5
2020-02-26 06:28:41,075 - root - INFO - dis = 198216.5
2020-02-26 06:28:41,075 - root - INFO - y_minus_ycmc = 189909.5
2020-02-26 06:28:41,075 - root - INFO - x = 177577.0
2020-02-26 06:28:41,075 - root - INFO - iso_pre = 167450.5
2020-02-26 06:28:41,075 - root - INFO - surface_fitting = 165641.5
2020-02-26 06:28:41,075 - root - INFO - thetamc = 151272.5
2020-02-26 06:28:41,075 - root - INFO - dis_3dim = 149108.0
2020-02-26 06:28:41,075 - root - INFO - q_divide_energymc = 138726.0
2020-02-26 06:28:41,076 - root - INFO - y = 138536.5
2020-02-26 06:28:41,076 - root - INFO - phimc = 118074.0
2020-02-26 06:28:41,076 - root - INFO - terror = 112346.0
2020-02-26 06:28:41,076 - root - INFO - t_skew = 100949.5
2020-02-26 06:28:41,076 - root - INFO - q_minus_mean = 99003.5
2020-02-26 06:28:41,076 - root - INFO - t = 93120.5
2020-02-26 06:28:41,076 - root - INFO - q_min = 90714.0
2020-02-26 06:28:41,076 - root - INFO - x_std = 85785.0
2020-02-26 06:28:41,076 - root - INFO - q_skew = 84984.5
2020-02-26 06:28:41,076 - root - INFO - y_std = 81155.0
2020-02-26 06:28:41,076 - root - INFO - energymc = 79993.5
2020-02-26 06:28:41,076 - root - INFO - t_std = 78072.0
2020-02-26 06:28:41,076 - root - INFO - xcmc = 76671.0
2020-02-26 06:28:41,076 - root - INFO - q_quantile = 73175.5
2020-02-26 06:28:41,076 - root - INFO - t_minus_terror = 68533.0
2020-02-26 06:28:41,076 - root - INFO - ycmc = 65605.0
2020-02-26 06:28:41,076 - root - INFO - x_skew = 65155.0
2020-02-26 06:28:41,076 - root - INFO - x_mean = 64565.0
2020-02-26 06:28:41,077 - root - INFO - q_mean = 61526.5
2020-02-26 06:28:41,077 - root - INFO - y_skew = 58096.5
2020-02-26 06:28:41,077 - root - INFO - t_plus_terror = 57579.5
2020-02-26 06:28:41,077 - root - INFO - y_mean = 57368.5
2020-02-26 06:47:24,838 - root - INFO - Best score: 0.9918747107023982
2020-02-26 08:52:31,333 - root - INFO - Best score: 0.9918747107023982
2020-02-26 09:11:54,635 - root - INFO - Best score: 0.97014871698374
2020-02-26 09:34:22,604 - root - INFO - ---------------New Training Start------------------
2020-02-26 09:45:37,069 - root - INFO - ---------------New Training Start------------------
2020-02-26 09:50:39,074 - root - INFO - ---------------New Training Start------------------
2020-02-26 10:01:26,477 - root - INFO - thetamc = 2902.5
2020-02-26 10:01:26,492 - root - INFO - x_minus_xcmc = 2783.0
2020-02-26 10:01:26,492 - root - INFO - q = 2623.0
2020-02-26 10:01:26,492 - root - INFO - t_minus_mean = 2473.0
2020-02-26 10:01:26,492 - root - INFO - dis = 1720.0
2020-02-26 10:01:26,492 - root - INFO - x = 1646.0
2020-02-26 10:01:26,492 - root - INFO - y_minus_ycmc = 1435.5
2020-02-26 10:01:26,492 - root - INFO - phimc = 1305.0
2020-02-26 10:01:26,492 - root - INFO - dis_3dim = 999.5
2020-02-26 10:01:26,492 - root - INFO - t_std = 829.0
2020-02-26 10:01:26,493 - root - INFO - t = 786.0
2020-02-26 10:01:26,493 - root - INFO - terror = 585.5
2020-02-26 10:01:26,493 - root - INFO - energymc = 580.0
2020-02-26 10:01:26,493 - root - INFO - q_divide_energymc = 515.0
2020-02-26 10:01:26,493 - root - INFO - t_minus_terror = 490.0
2020-02-26 10:01:26,493 - root - INFO - q_quantile = 428.5
2020-02-26 10:01:26,493 - root - INFO - t_plus_terror = 370.5
2020-02-26 10:01:26,493 - root - INFO - xcmc = 231.0
2020-02-26 10:01:26,493 - root - INFO - y = 214.0
2020-02-26 10:01:26,493 - root - INFO - q_minus_mean = 184.5
2020-02-26 10:01:26,493 - root - INFO - q_mean = 139.0
2020-02-26 10:01:26,493 - root - INFO - x_mean = 134.0
2020-02-26 10:01:26,494 - root - INFO - x_std = 113.0
2020-02-26 10:01:26,494 - root - INFO - x_skew = 100.0
2020-02-26 10:01:26,494 - root - INFO - y_std = 75.5
2020-02-26 10:01:26,494 - root - INFO - ycmc = 54.5
2020-02-26 10:01:26,494 - root - INFO - t_skew = 38.0
2020-02-26 10:01:26,494 - root - INFO - y_skew = 36.0
2020-02-26 10:01:26,494 - root - INFO - q_skew = 26.0
2020-02-26 10:01:26,494 - root - INFO - y_mean = 22.5
2020-02-26 10:01:26,494 - root - INFO - surface_fitting = 19.5
2020-02-26 10:01:26,494 - root - INFO - q_min = 16.5
2020-02-26 10:04:56,796 - root - INFO - Best score: 0.9808191687186751
2020-02-26 10:11:39,588 - root - INFO - Best score: 0.9808191687186751
2020-02-26 10:15:44,400 - root - INFO - ---------------New Training Start------------------
2020-02-26 10:20:27,003 - root - INFO - ---------------New Training Start------------------
2020-02-26 10:29:54,401 - root - INFO - thetamc = 3448.5
2020-02-26 10:29:54,401 - root - INFO - x_minus_xcmc = 3036.0
2020-02-26 10:29:54,401 - root - INFO - t_minus_mean = 2996.5
2020-02-26 10:29:54,401 - root - INFO - q = 2362.0
2020-02-26 10:29:54,401 - root - INFO - dis = 1979.5
2020-02-26 10:29:54,401 - root - INFO - x = 1978.0
2020-02-26 10:29:54,401 - root - INFO - y_minus_ycmc = 1593.0
2020-02-26 10:29:54,402 - root - INFO - phimc = 1573.0
2020-02-26 10:29:54,402 - root - INFO - energymc = 1296.5
2020-02-26 10:29:54,402 - root - INFO - dis_3dim = 1171.0
2020-02-26 10:29:54,402 - root - INFO - t = 915.5
2020-02-26 10:29:54,402 - root - INFO - q_divide_energymc = 909.5
2020-02-26 10:29:54,402 - root - INFO - q_minus_mean = 791.0
2020-02-26 10:29:54,402 - root - INFO - terror = 667.0
2020-02-26 10:29:54,402 - root - INFO - t_minus_terror = 589.0
2020-02-26 10:29:54,402 - root - INFO - xcmc = 395.0
2020-02-26 10:29:54,402 - root - INFO - y = 384.0
2020-02-26 10:29:54,402 - root - INFO - t_plus_terror = 375.5
2020-02-26 10:29:54,402 - root - INFO - ycmc = 139.5
2020-02-26 10:29:54,402 - root - INFO - surface_fitting = 70.0
2020-02-26 10:30:11,925 - root - INFO - Best score: 0.995623115834419
2020-02-26 10:33:47,386 - root - INFO - ---------------New Training Start------------------
2020-02-26 11:03:26,801 - root - INFO - x_minus_xcmc = 2808.0
2020-02-26 11:03:26,811 - root - INFO - t_minus_mean = 2785.5
2020-02-26 11:03:26,811 - root - INFO - thetamc = 2678.0
2020-02-26 11:03:26,811 - root - INFO - q = 2406.5
2020-02-26 11:03:26,812 - root - INFO - dis = 1863.5
2020-02-26 11:03:26,812 - root - INFO - x = 1442.0
2020-02-26 11:03:26,812 - root - INFO - phimc = 1373.5
2020-02-26 11:03:26,812 - root - INFO - y_minus_ycmc = 1230.0
2020-02-26 11:03:26,812 - root - INFO - dis_3dim = 977.5
2020-02-26 11:03:26,812 - root - INFO - t_std = 773.0
2020-02-26 11:03:26,812 - root - INFO - t = 710.0
2020-02-26 11:03:26,812 - root - INFO - energymc = 611.0
2020-02-26 11:03:26,812 - root - INFO - terror = 575.0
2020-02-26 11:03:26,813 - root - INFO - t_minus_terror = 532.5
2020-02-26 11:03:26,813 - root - INFO - q_divide_energymc = 474.5
2020-02-26 11:03:26,813 - root - INFO - q_quantile = 463.5
2020-02-26 11:03:26,813 - root - INFO - t_plus_terror = 412.0
2020-02-26 11:03:26,813 - root - INFO - y = 262.5
2020-02-26 11:03:26,813 - root - INFO - xcmc = 227.0
2020-02-26 11:03:26,813 - root - INFO - q_minus_mean = 191.0
2020-02-26 11:03:26,813 - root - INFO - q_mean = 155.5
2020-02-26 11:03:26,813 - root - INFO - iso_pre = 128.5
2020-02-26 11:03:26,813 - root - INFO - x_skew = 109.0
2020-02-26 11:03:26,813 - root - INFO - x_mean = 95.5
2020-02-26 11:03:26,813 - root - INFO - x_std = 89.0
2020-02-26 11:03:26,813 - root - INFO - ycmc = 61.0
2020-02-26 11:03:26,813 - root - INFO - y_std = 51.5
2020-02-26 11:03:26,813 - root - INFO - y_mean = 29.0
2020-02-26 11:03:26,813 - root - INFO - q_skew = 26.0
2020-02-26 11:03:26,814 - root - INFO - t_skew = 25.0
2020-02-26 11:03:26,814 - root - INFO - surface_fitting = 21.0
2020-02-26 11:03:26,814 - root - INFO - y_skew = 21.0
2020-02-26 11:03:26,814 - root - INFO - q_min = 13.5
2020-02-26 11:03:44,392 - root - INFO - Best score: 0.9956155442588223
2020-02-26 11:06:21,267 - root - INFO - ---------------New Training Start------------------
2020-02-26 11:06:42,562 - root - INFO - ---------------New Training Start------------------
2020-02-26 11:20:27,584 - root - INFO - ---------------New Training Start------------------
2020-02-26 11:34:10,798 - root - INFO - ---------------New Training Start------------------
