2020-03-08 15:56:26,258 - root - INFO - ---------------New Training Start------------------
2020-03-08 18:23:50,737 - root - INFO - ---------------New Training Start------------------
2020-03-08 18:30:44,736 - root - INFO - ---------------New Training Start------------------
2020-03-09 20:57:29,012 - root - INFO - ---------------New Training Start------------------
2020-03-09 20:57:37,174 - root - INFO - ---------------New Training Start------------------
2020-03-09 20:59:48,506 - root - INFO - ---------------New Training Start------------------
2020-03-09 21:01:30,523 - root - INFO - ---------------New Training Start------------------
2020-03-09 21:24:11,963 - root - INFO - ---------------New Training Start------------------
2020-03-09 21:31:38,558 - root - INFO - ---------------New Training Start------------------
2020-03-11 02:02:10,342 - root - INFO - ---------------New Training Start------------------
2020-03-11 02:09:43,397 - root - INFO - ['q', 't', 'terror', 'x', 'y', 'nhitreal', 'energymc', 'thetamc', 'phimc', 'xcmc', 'ycmc', 't_minus_terror', 't_plus_terror', 'q_minus_mean', 'x_minus_mean', 'y_minus_mean', 'x_minus_xcmc', 'y_minus_ycmc', 'dis', 'dis_', 'pro_dis', 'v', 'v_', 'surface_fitting', 'q_divide_energymc', 'q2', 'slope', 'nhitreal_percent', 't_min_diff', 't_max_diff', 't_median_diff', 't_mean_diff', 't_diff_last_4', 't_diff_last_6', 't_diff_last_8', 't_diff_last_10', 't_diff_last_12', 'x_div_xcmc', 'y_div_ycmc', 'x_diff_last_1', 'y_diff_last_1', 'x_diff_last_2', 'y_diff_last_2', 'x_diff_last_3', 'y_diff_last_3', 'x_diff_last_4', 'y_diff_last_4', 'x_diff_last_5', 'y_diff_last_5', 'x_diff_last_6', 'y_diff_last_6', 'x_diff_last_7', 'y_diff_last_7', 'x_diff_last_8', 'y_diff_last_8', 'x_diff_last_9', 'y_diff_last_9', 'x_diff_last_10', 'y_diff_last_10', 'x_diff_last_11', 'y_diff_last_11', 'x_diff_last_12', 'y_diff_last_12', 'x_diff_last_13', 'y_diff_last_13', 'x_diff_last_14', 'y_diff_last_14', 'x_diff_last_15', 'y_diff_last_15', 'x_diff_last_16', 'y_diff_last_16', 'x_diff_last_17', 'y_diff_last_17', 'x_diff_last_18', 'y_diff_last_18', 'x_diff_last_19', 'y_diff_last_19', 'x_diff_last_20', 'y_diff_last_20', 'x2', 'y2', 'x_y', 'x*y', 'x*t', 'x*dis', 'x*x_minus_xcmc', 'x*y_minus_ycmc', 'x*t_mean_diff', 'x*nhitreal_percent', 'x*thetamc', 'x*phimc', 'y*t', 'y*dis', 'y*x_minus_xcmc', 'y*y_minus_ycmc', 'y*t_mean_diff', 'y*nhitreal_percent', 'y*thetamc', 'y*phimc', 't*dis', 't*x_minus_xcmc', 't*y_minus_ycmc', 't*t_mean_diff', 't*nhitreal_percent', 't*thetamc', 't*phimc', 'dis*x_minus_xcmc', 'dis*y_minus_ycmc', 'dis*t_mean_diff', 'dis*nhitreal_percent', 'dis*thetamc', 'dis*phimc', 'x_minus_xcmc*y_minus_ycmc', 'x_minus_xcmc*t_mean_diff', 'x_minus_xcmc*nhitreal_percent', 'x_minus_xcmc*thetamc', 'x_minus_xcmc*phimc', 'y_minus_ycmc*t_mean_diff', 'y_minus_ycmc*nhitreal_percent', 'y_minus_ycmc*thetamc', 'y_minus_ycmc*phimc', 't_mean_diff*nhitreal_percent', 't_mean_diff*thetamc', 't_mean_diff*phimc', 'nhitreal_percent*thetamc', 'nhitreal_percent*phimc', 'thetamc*phimc', 'x_y_tmean', 'xcmc_ycmc_tmean', 'dis2c', 'dis2c_diff_last_1', 'dis2c_diff_last_2', 'dis2c_diff_last_3', 'dis2c_diff_last_4', 'dis2c_diff_last_5', 'dis2c_diff_last_6', 'dis2c_diff_last_7', 'dis2c_diff_last_8', 'dis2c_diff_last_9', 'terror_freq']
2020-03-11 09:31:52,230 - root - INFO - t_diff_last_8 = 5592573.892888586
2020-03-11 09:31:52,233 - root - INFO - t_diff_last_6 = 4486136.642114242
2020-03-11 09:31:52,233 - root - INFO - t_diff_last_10 = 1673084.0582431357
2020-03-11 09:31:52,233 - root - INFO - t*t_mean_diff = 1643523.0393226147
2020-03-11 09:31:52,233 - root - INFO - t_diff_last_12 = 1573880.697955827
2020-03-11 09:31:52,233 - root - INFO - q2 = 581227.9414902529
2020-03-11 09:31:52,233 - root - INFO - q = 572507.6803226471
2020-03-11 09:31:52,233 - root - INFO - pro_dis = 453133.09671803314
2020-03-11 09:31:52,233 - root - INFO - x_y = 327674.6184948285
2020-03-11 09:31:52,233 - root - INFO - thetamc = 278698.1893570423
2020-03-11 09:31:52,234 - root - INFO - dis2c_diff_last_1 = 221895.4656222264
2020-03-11 09:31:52,234 - root - INFO - x_diff_last_1 = 203113.96567209563
2020-03-11 09:31:52,234 - root - INFO - dis*thetamc = 149338.94312067828
2020-03-11 09:31:52,234 - root - INFO - x_minus_xcmc*thetamc = 132212.7823930184
2020-03-11 09:31:52,234 - root - INFO - nhitreal_percent = 123554.14938052495
2020-03-11 09:31:52,234 - root - INFO - t_mean_diff*thetamc = 118774.85864583652
2020-03-11 09:31:52,234 - root - INFO - phimc = 106821.05426018436
2020-03-11 09:31:52,235 - root - INFO - x_diff_last_3 = 100934.804495732
2020-03-11 09:31:52,235 - root - INFO - x_diff_last_2 = 95931.00809341669
2020-03-11 09:31:52,235 - root - INFO - y_minus_ycmc*t_mean_diff = 92914.32534237702
2020-03-11 09:31:52,235 - root - INFO - x_diff_last_4 = 87424.4974509875
2020-03-11 09:31:52,235 - root - INFO - v = 84733.48979326089
2020-03-11 09:31:52,235 - root - INFO - x_diff_last_6 = 84317.48770821095
2020-03-11 09:31:52,235 - root - INFO - nhitreal = 83254.24796251456
2020-03-11 09:31:52,235 - root - INFO - q_divide_energymc = 82347.47976922989
2020-03-11 09:31:52,235 - root - INFO - x_diff_last_7 = 78555.53810954094
2020-03-11 09:31:52,235 - root - INFO - nhitreal_percent*thetamc = 77556.15135002136
2020-03-11 09:31:52,235 - root - INFO - x_diff_last_5 = 75908.4913924535
2020-03-11 09:31:52,235 - root - INFO - dis2c_diff_last_9 = 75557.7166744868
2020-03-11 09:31:52,235 - root - INFO - x_diff_last_8 = 70568.33461900552
2020-03-11 09:31:52,235 - root - INFO - t_min_diff = 64844.353843808174
2020-03-11 09:31:52,236 - root - INFO - v_ = 60686.62661190828
2020-03-11 09:31:52,236 - root - INFO - x_diff_last_10 = 58688.606863458954
2020-03-11 09:31:52,236 - root - INFO - x_diff_last_9 = 58501.47494945923
2020-03-11 09:31:52,236 - root - INFO - x*t_mean_diff = 56172.43987890085
2020-03-11 09:31:52,236 - root - INFO - x*thetamc = 54231.16222385565
2020-03-11 09:31:52,236 - root - INFO - x_minus_xcmc*t_mean_diff = 49813.10664943854
2020-03-11 09:31:52,236 - root - INFO - t_mean_diff*phimc = 48200.46381111443
2020-03-11 09:31:52,236 - root - INFO - x_diff_last_11 = 47439.987242003284
2020-03-11 09:31:52,236 - root - INFO - x*t = 46449.90360045433
2020-03-11 09:31:52,236 - root - INFO - x_diff_last_13 = 46155.001116395
2020-03-11 09:31:52,236 - root - INFO - x_diff_last_12 = 46123.59195047617
2020-03-11 09:31:52,236 - root - INFO - x*x_minus_xcmc = 43127.94507577022
2020-03-11 09:31:52,236 - root - INFO - dis2c_diff_last_2 = 41921.097763975464
2020-03-11 09:31:52,237 - root - INFO - dis2c_diff_last_8 = 41381.87818559011
2020-03-11 09:31:52,237 - root - INFO - terror = 39019.744143009186
2020-03-11 09:31:52,237 - root - INFO - t*x_minus_xcmc = 36587.90892906984
2020-03-11 09:31:52,237 - root - INFO - x_diff_last_14 = 36213.16168371836
2020-03-11 09:31:52,237 - root - INFO - t*y_minus_ycmc = 35048.61368405819
2020-03-11 09:31:52,237 - root - INFO - nhitreal_percent*phimc = 33595.527282496296
2020-03-11 09:31:52,237 - root - INFO - t_diff_last_4 = 32960.446979661785
2020-03-11 09:31:52,237 - root - INFO - x_diff_last_15 = 32239.789678057034
2020-03-11 09:31:52,237 - root - INFO - dis*nhitreal_percent = 32216.147033691406
2020-03-11 09:31:52,237 - root - INFO - q_minus_mean = 30372.15529735883
2020-03-11 09:31:52,237 - root - INFO - dis2c_diff_last_6 = 29858.05538189411
2020-03-11 09:31:52,237 - root - INFO - y_diff_last_1 = 29622.584210832913
2020-03-11 09:31:52,237 - root - INFO - x_diff_last_17 = 29561.270834128063
2020-03-11 09:31:52,237 - root - INFO - x_diff_last_16 = 27947.610907753307
2020-03-11 09:31:52,237 - root - INFO - dis2c_diff_last_5 = 27693.097118457157
2020-03-11 09:31:52,238 - root - INFO - thetamc*phimc = 27179.476103742916
2020-03-11 09:31:52,238 - root - INFO - dis = 26163.823182106018
2020-03-11 09:31:52,238 - root - INFO - dis2c_diff_last_3 = 24057.077301502228
2020-03-11 09:31:52,238 - root - INFO - y*t_mean_diff = 23733.996003309887
2020-03-11 09:31:52,238 - root - INFO - x_diff_last_18 = 23594.930007576942
2020-03-11 09:31:52,238 - root - INFO - dis2c_diff_last_7 = 23272.530675967533
2020-03-11 09:31:52,238 - root - INFO - y*t = 22736.325530250866
2020-03-11 09:31:52,238 - root - INFO - y_minus_ycmc*phimc = 22254.625727216404
2020-03-11 09:31:52,238 - root - INFO - x_diff_last_19 = 22130.112916111946
2020-03-11 09:31:52,238 - root - INFO - dis2c_diff_last_4 = 20626.936879436176
2020-03-11 09:31:52,238 - root - INFO - terror_freq = 20138.381458799046
2020-03-11 09:31:52,238 - root - INFO - x_diff_last_20 = 18087.774581193924
2020-03-11 09:31:52,239 - root - INFO - t*nhitreal_percent = 16730.823942581814
2020-03-11 09:31:52,239 - root - INFO - energymc = 16280.84454770883
2020-03-11 09:31:52,239 - root - INFO - dis2c = 15890.661184807619
2020-03-11 09:31:52,239 - root - INFO - x*phimc = 15472.129994869232
2020-03-11 09:31:52,239 - root - INFO - dis*phimc = 14816.794751991829
2020-03-11 09:31:52,239 - root - INFO - t_max_diff = 14647.144132375717
2020-03-11 09:31:52,239 - root - INFO - y_minus_ycmc*nhitreal_percent = 14637.02683544159
2020-03-11 09:31:52,239 - root - INFO - x_minus_xcmc*nhitreal_percent = 14544.595606088638
2020-03-11 09:31:52,239 - root - INFO - t_median_diff = 13601.450030545393
2020-03-11 09:31:52,239 - root - INFO - y_diff_last_2 = 13509.925455451012
2020-03-11 09:31:52,239 - root - INFO - y_diff_last_8 = 13002.924950440725
2020-03-11 09:31:52,240 - root - INFO - x_minus_xcmc*phimc = 12722.126921614012
2020-03-11 09:31:52,240 - root - INFO - t*phimc = 12396.553724010786
2020-03-11 09:31:52,240 - root - INFO - y_diff_last_7 = 12244.865052223206
2020-03-11 09:31:52,240 - root - INFO - y*nhitreal_percent = 12006.235599040985
2020-03-11 09:31:52,240 - root - INFO - y_diff_last_11 = 11739.432424207529
2020-03-11 09:31:52,240 - root - INFO - y_minus_ycmc = 11601.379305442175
2020-03-11 09:31:52,240 - root - INFO - y_diff_last_9 = 11259.141481518745
2020-03-11 09:31:52,241 - root - INFO - y_diff_last_3 = 11146.83313592275
2020-03-11 09:31:52,241 - root - INFO - y_diff_last_6 = 11006.91443757216
2020-03-11 09:31:52,241 - root - INFO - y_diff_last_12 = 10928.021685640017
2020-03-11 09:31:52,241 - root - INFO - t_mean_diff*nhitreal_percent = 10879.728703578314
2020-03-11 09:31:52,241 - root - INFO - y*phimc = 10867.220492382845
2020-03-11 09:31:52,241 - root - INFO - y_diff_last_4 = 10840.187650879225
2020-03-11 09:31:52,241 - root - INFO - y_diff_last_10 = 10823.045456488928
2020-03-11 09:31:52,241 - root - INFO - t*thetamc = 10585.077913189927
2020-03-11 09:31:52,241 - root - INFO - x2 = 10583.744908690453
2020-03-11 09:31:52,242 - root - INFO - y_diff_last_5 = 10456.80109246572
2020-03-11 09:31:52,242 - root - INFO - y_diff_last_13 = 9578.892894128958
2020-03-11 09:31:52,242 - root - INFO - y*y_minus_ycmc = 9531.896047671637
2020-03-11 09:31:52,242 - root - INFO - y_diff_last_14 = 9161.964800397554
2020-03-11 09:31:52,242 - root - INFO - y_diff_last_17 = 9146.192341754833
2020-03-11 09:31:52,242 - root - INFO - y_diff_last_15 = 8896.34011554718
2020-03-11 09:31:52,242 - root - INFO - y_diff_last_16 = 8716.3336571455
2020-03-11 09:31:52,242 - root - INFO - x_div_xcmc = 8402.311507552862
2020-03-11 09:31:52,242 - root - INFO - y_diff_last_18 = 8050.845780313015
2020-03-11 09:31:52,242 - root - INFO - t_mean_diff = 8025.139737645785
2020-03-11 09:31:52,242 - root - INFO - x*nhitreal_percent = 7986.912524660428
2020-03-11 09:31:52,242 - root - INFO - y_diff_last_19 = 7763.057377954324
2020-03-11 09:31:52,243 - root - INFO - x_minus_mean = 7742.883304079373
2020-03-11 09:31:52,243 - root - INFO - y_diff_last_20 = 7689.77260184288
2020-03-11 09:31:52,243 - root - INFO - ycmc = 7003.50400870045
2020-03-11 09:31:52,243 - root - INFO - y_div_ycmc = 6900.636406540871
2020-03-11 09:31:52,243 - root - INFO - xcmc_ycmc_tmean = 6749.958578864734
2020-03-11 09:31:52,243 - root - INFO - surface_fitting = 6610.853093539675
2020-03-11 09:31:52,243 - root - INFO - dis*y_minus_ycmc = 6577.525978128116
2020-03-11 09:31:52,243 - root - INFO - xcmc = 6235.9741505384445
2020-03-11 09:31:52,243 - root - INFO - y_minus_ycmc*thetamc = 5704.814001957576
2020-03-11 09:31:52,243 - root - INFO - x_minus_xcmc*y_minus_ycmc = 5291.908905307452
2020-03-11 09:31:52,243 - root - INFO - y*thetamc = 5093.313066820304
2020-03-11 09:31:52,243 - root - INFO - x*y_minus_ycmc = 4566.131887793541
2020-03-11 09:31:52,244 - root - INFO - y_minus_mean = 4093.34310567379
2020-03-11 09:31:52,244 - root - INFO - x_y_tmean = 3754.0092405875525
2020-03-11 09:31:52,244 - root - INFO - x_minus_xcmc = 3683.9489599466324
2020-03-11 09:31:52,244 - root - INFO - y*x_minus_xcmc = 3660.8313916524253
2020-03-11 09:31:52,244 - root - INFO - dis_ = 3652.0486601988473
2020-03-11 09:31:52,244 - root - INFO - x*y = 3412.4412698745728
2020-03-11 09:31:52,244 - root - INFO - t = 3199.1976040204368
2020-03-11 09:31:52,244 - root - INFO - dis*t_mean_diff = 3184.6070844729743
2020-03-11 09:31:52,244 - root - INFO - t*dis = 3181.4740942517915
2020-03-11 09:31:52,244 - root - INFO - dis*x_minus_xcmc = 3164.793534616629
2020-03-11 09:31:52,245 - root - INFO - t_minus_terror = 2997.047242283821
2020-03-11 09:31:52,245 - root - INFO - t_plus_terror = 2853.2859642108283
2020-03-11 09:31:52,245 - root - INFO - x = 2662.256518125534
2020-03-11 09:31:52,245 - root - INFO - y*dis = 2391.185600797335
2020-03-11 09:31:52,245 - root - INFO - y = 2168.6812829971313
2020-03-11 09:31:52,245 - root - INFO - x*dis = 1986.9737395048141
2020-03-11 09:31:52,245 - root - INFO - slope = 767.9126254220804
2020-03-11 09:31:52,245 - root - INFO - y2 = 695.0545785427094
2020-03-11 09:56:55,350 - root - INFO - Best score: 0.36
2020-03-11 10:31:47,779 - root - INFO - Best score: 0.35
